2016/11/15 01:53:17 [error] [exception.CDbException] exception 'CDbException' with message 'CDbConnection failed to open the DB connection: SQLSTATE[HY000] [1045] Access denied for user 'totalgames'@'localhost' (using password: YES)' in C:\xampp\htdocs\yii\framework\db\CDbConnection.php:399
Stack trace:
#0 C:\xampp\htdocs\yii\framework\db\CDbConnection.php(347): CDbConnection->open()
#1 C:\xampp\htdocs\yii\framework\db\CDbConnection.php(325): CDbConnection->setActive(true)
#2 C:\xampp\htdocs\yii\framework\base\CModule.php(394): CDbConnection->init()
#3 C:\xampp\htdocs\yii\framework\base\CApplication.php(459): CModule->getComponent('db')
#4 C:\xampp\htdocs\yii\framework\db\ar\CActiveRecord.php(637): CApplication->getDb()
#5 C:\xampp\htdocs\yii\framework\db\ar\CActiveRecord.php(2386): CActiveRecord->getDbConnection()
#6 C:\xampp\htdocs\yii\framework\db\ar\CActiveRecord.php(411): CActiveRecordMetaData->__construct(Object(Juego))
#7 C:\xampp\htdocs\yii\framework\db\ar\CActiveRecord.php(79): CActiveRecord->getMetaData()
#8 C:\xampp\htdocs\totalgames\protected\controllers\JuegoController.php(136): CActiveRecord->__construct('search')
#9 C:\xampp\htdocs\yii\framework\web\actions\CInlineAction.php(49): JuegoController->actionAdmin()
#10 C:\xampp\htdocs\yii\framework\web\CController.php(308): CInlineAction->runWithParams(Array)
#11 C:\xampp\htdocs\yii\framework\web\filters\CFilterChain.php(133): CController->runAction(Object(CInlineAction))
#12 C:\xampp\htdocs\yii\framework\web\filters\CFilter.php(40): CFilterChain->run()
#13 C:\xampp\htdocs\yii\framework\web\CController.php(1145): CFilter->filter(Object(CFilterChain))
#14 C:\xampp\htdocs\yii\framework\web\filters\CInlineFilter.php(58): CController->filterAccessControl(Object(CFilterChain))
#15 C:\xampp\htdocs\yii\framework\web\filters\CFilterChain.php(130): CInlineFilter->filter(Object(CFilterChain))
#16 C:\xampp\htdocs\yii\framework\web\CController.php(291): CFilterChain->run()
#17 C:\xampp\htdocs\yii\framework\web\CController.php(265): CController->runActionWithFilters(Object(CInlineAction), Array)
#18 C:\xampp\htdocs\yii\framework\web\CWebApplication.php(282): CController->run('admin')
#19 C:\xampp\htdocs\yii\framework\web\CWebApplication.php(141): CWebApplication->runController('juego/admin')
#20 C:\xampp\htdocs\yii\framework\base\CApplication.php(185): CWebApplication->processRequest()
#21 C:\xampp\htdocs\totalgames\index.php(13): CApplication->run()
#22 {main}
REQUEST_URI=/totalgames/index.php?r=juego/admin
HTTP_REFERER=http://localhost:8080/totalgames/index.php?r=site/page&view=about
---
2016/11/15 01:53:36 [error] [exception.CDbException] exception 'CDbException' with message 'CDbConnection failed to open the DB connection: SQLSTATE[HY000] [1045] Access denied for user 'totalgames'@'localhost' (using password: YES)' in C:\xampp\htdocs\yii\framework\db\CDbConnection.php:399
Stack trace:
#0 C:\xampp\htdocs\yii\framework\db\CDbConnection.php(347): CDbConnection->open()
#1 C:\xampp\htdocs\yii\framework\db\CDbConnection.php(325): CDbConnection->setActive(true)
#2 C:\xampp\htdocs\yii\framework\base\CModule.php(394): CDbConnection->init()
#3 C:\xampp\htdocs\yii\framework\base\CApplication.php(459): CModule->getComponent('db')
#4 C:\xampp\htdocs\yii\framework\db\ar\CActiveRecord.php(637): CApplication->getDb()
#5 C:\xampp\htdocs\yii\framework\db\ar\CActiveRecord.php(2386): CActiveRecord->getDbConnection()
#6 C:\xampp\htdocs\yii\framework\db\ar\CActiveRecord.php(411): CActiveRecordMetaData->__construct(Object(Juego))
#7 C:\xampp\htdocs\yii\framework\db\ar\CActiveRecord.php(79): CActiveRecord->getMetaData()
#8 C:\xampp\htdocs\totalgames\protected\controllers\JuegoController.php(136): CActiveRecord->__construct('search')
#9 C:\xampp\htdocs\yii\framework\web\actions\CInlineAction.php(49): JuegoController->actionAdmin()
#10 C:\xampp\htdocs\yii\framework\web\CController.php(308): CInlineAction->runWithParams(Array)
#11 C:\xampp\htdocs\yii\framework\web\filters\CFilterChain.php(133): CController->runAction(Object(CInlineAction))
#12 C:\xampp\htdocs\yii\framework\web\filters\CFilter.php(40): CFilterChain->run()
#13 C:\xampp\htdocs\yii\framework\web\CController.php(1145): CFilter->filter(Object(CFilterChain))
#14 C:\xampp\htdocs\yii\framework\web\filters\CInlineFilter.php(58): CController->filterAccessControl(Object(CFilterChain))
#15 C:\xampp\htdocs\yii\framework\web\filters\CFilterChain.php(130): CInlineFilter->filter(Object(CFilterChain))
#16 C:\xampp\htdocs\yii\framework\web\CController.php(291): CFilterChain->run()
#17 C:\xampp\htdocs\yii\framework\web\CController.php(265): CController->runActionWithFilters(Object(CInlineAction), Array)
#18 C:\xampp\htdocs\yii\framework\web\CWebApplication.php(282): CController->run('admin')
#19 C:\xampp\htdocs\yii\framework\web\CWebApplication.php(141): CWebApplication->runController('juego/admin')
#20 C:\xampp\htdocs\yii\framework\base\CApplication.php(185): CWebApplication->processRequest()
#21 C:\xampp\htdocs\totalgames\index.php(13): CApplication->run()
#22 {main}
REQUEST_URI=/totalgames/index.php?r=juego/admin
HTTP_REFERER=http://localhost:8080/totalgames/index.php?r=site/login
---
2016/11/15 03:20:16 [error] [exception.CException] exception 'CException' with message 'La propiedad "Juego"."clasificacionContenido_idClasificacio" no se encuentra definida.' in C:\xampp\htdocs\yii\framework\base\CComponent.php:130
Stack trace:
#0 C:\xampp\htdocs\yii\framework\db\ar\CActiveRecord.php(145): CComponent->__get('clasificacionCo...')
#1 C:\xampp\htdocs\yii\framework\web\helpers\CHtml.php(2729): CActiveRecord->__get('clasificacionCo...')
#2 C:\xampp\htdocs\yii\framework\web\helpers\CHtml.php(1982): CHtml::resolveValue(Object(Juego), 'clasificacionCo...')
#3 C:\xampp\htdocs\yii\framework\web\widgets\CActiveForm.php(914): CHtml::activeDropDownList(Object(Juego), 'clasificacionCo...', Array, Array)
#4 C:\xampp\htdocs\totalgames\protected\views\juego\_form.php(42): CActiveForm->dropDownList(Object(Juego), 'clasificacionCo...', Array)
#5 C:\xampp\htdocs\yii\framework\web\CBaseController.php(126): require('C:\\xampp\\htdocs...')
#6 C:\xampp\htdocs\yii\framework\web\CBaseController.php(95): CBaseController->renderInternal('C:\\xampp\\htdocs...', Array, true)
#7 C:\xampp\htdocs\yii\framework\web\CController.php(869): CBaseController->renderFile('C:\\xampp\\htdocs...', Array, true)
#8 C:\xampp\htdocs\totalgames\protected\views\juego\create.php(18): CController->renderPartial('_form', Array)
#9 C:\xampp\htdocs\yii\framework\web\CBaseController.php(126): require('C:\\xampp\\htdocs...')
#10 C:\xampp\htdocs\yii\framework\web\CBaseController.php(95): CBaseController->renderInternal('C:\\xampp\\htdocs...', Array, true)
#11 C:\xampp\htdocs\yii\framework\web\CController.php(869): CBaseController->renderFile('C:\\xampp\\htdocs...', Array, true)
#12 C:\xampp\htdocs\yii\framework\web\CController.php(782): CController->renderPartial('create', Array, true)
#13 C:\xampp\htdocs\totalgames\protected\controllers\JuegoController.php(79): CController->render('create', Array)
#14 C:\xampp\htdocs\yii\framework\web\actions\CInlineAction.php(49): JuegoController->actionCreate()
#15 C:\xampp\htdocs\yii\framework\web\CController.php(308): CInlineAction->runWithParams(Array)
#16 C:\xampp\htdocs\yii\framework\web\filters\CFilterChain.php(133): CController->runAction(Object(CInlineAction))
#17 C:\xampp\htdocs\yii\framework\web\filters\CFilter.php(40): CFilterChain->run()
#18 C:\xampp\htdocs\yii\framework\web\CController.php(1145): CFilter->filter(Object(CFilterChain))
#19 C:\xampp\htdocs\yii\framework\web\filters\CInlineFilter.php(58): CController->filterAccessControl(Object(CFilterChain))
#20 C:\xampp\htdocs\yii\framework\web\filters\CFilterChain.php(130): CInlineFilter->filter(Object(CFilterChain))
#21 C:\xampp\htdocs\yii\framework\web\CController.php(291): CFilterChain->run()
#22 C:\xampp\htdocs\yii\framework\web\CController.php(265): CController->runActionWithFilters(Object(CInlineAction), Array)
#23 C:\xampp\htdocs\yii\framework\web\CWebApplication.php(282): CController->run('create')
#24 C:\xampp\htdocs\yii\framework\web\CWebApplication.php(141): CWebApplication->runController('juego/create')
#25 C:\xampp\htdocs\yii\framework\base\CApplication.php(185): CWebApplication->processRequest()
#26 C:\xampp\htdocs\totalgames\index.php(13): CApplication->run()
#27 {main}
REQUEST_URI=/totalgames/index.php?r=juego/create
HTTP_REFERER=http://localhost:8080/totalgames/index.php?r=juego/admin
---
2016/11/15 03:21:12 [error] [exception.CException] exception 'CException' with message 'La propiedad "Juego"."clasificacionContenido_idClasificacio" no se encuentra definida.' in C:\xampp\htdocs\yii\framework\base\CComponent.php:130
Stack trace:
#0 C:\xampp\htdocs\yii\framework\db\ar\CActiveRecord.php(145): CComponent->__get('clasificacionCo...')
#1 C:\xampp\htdocs\yii\framework\web\helpers\CHtml.php(2729): CActiveRecord->__get('clasificacionCo...')
#2 C:\xampp\htdocs\yii\framework\web\helpers\CHtml.php(1982): CHtml::resolveValue(Object(Juego), 'clasificacionCo...')
#3 C:\xampp\htdocs\yii\framework\web\widgets\CActiveForm.php(914): CHtml::activeDropDownList(Object(Juego), 'clasificacionCo...', Array, Array)
#4 C:\xampp\htdocs\totalgames\protected\views\juego\_form.php(42): CActiveForm->dropDownList(Object(Juego), 'clasificacionCo...', Array)
#5 C:\xampp\htdocs\yii\framework\web\CBaseController.php(126): require('C:\\xampp\\htdocs...')
#6 C:\xampp\htdocs\yii\framework\web\CBaseController.php(95): CBaseController->renderInternal('C:\\xampp\\htdocs...', Array, true)
#7 C:\xampp\htdocs\yii\framework\web\CController.php(869): CBaseController->renderFile('C:\\xampp\\htdocs...', Array, true)
#8 C:\xampp\htdocs\totalgames\protected\views\juego\create.php(18): CController->renderPartial('_form', Array)
#9 C:\xampp\htdocs\yii\framework\web\CBaseController.php(126): require('C:\\xampp\\htdocs...')
#10 C:\xampp\htdocs\yii\framework\web\CBaseController.php(95): CBaseController->renderInternal('C:\\xampp\\htdocs...', Array, true)
#11 C:\xampp\htdocs\yii\framework\web\CController.php(869): CBaseController->renderFile('C:\\xampp\\htdocs...', Array, true)
#12 C:\xampp\htdocs\yii\framework\web\CController.php(782): CController->renderPartial('create', Array, true)
#13 C:\xampp\htdocs\totalgames\protected\controllers\JuegoController.php(79): CController->render('create', Array)
#14 C:\xampp\htdocs\yii\framework\web\actions\CInlineAction.php(49): JuegoController->actionCreate()
#15 C:\xampp\htdocs\yii\framework\web\CController.php(308): CInlineAction->runWithParams(Array)
#16 C:\xampp\htdocs\yii\framework\web\filters\CFilterChain.php(133): CController->runAction(Object(CInlineAction))
#17 C:\xampp\htdocs\yii\framework\web\filters\CFilter.php(40): CFilterChain->run()
#18 C:\xampp\htdocs\yii\framework\web\CController.php(1145): CFilter->filter(Object(CFilterChain))
#19 C:\xampp\htdocs\yii\framework\web\filters\CInlineFilter.php(58): CController->filterAccessControl(Object(CFilterChain))
#20 C:\xampp\htdocs\yii\framework\web\filters\CFilterChain.php(130): CInlineFilter->filter(Object(CFilterChain))
#21 C:\xampp\htdocs\yii\framework\web\CController.php(291): CFilterChain->run()
#22 C:\xampp\htdocs\yii\framework\web\CController.php(265): CController->runActionWithFilters(Object(CInlineAction), Array)
#23 C:\xampp\htdocs\yii\framework\web\CWebApplication.php(282): CController->run('create')
#24 C:\xampp\htdocs\yii\framework\web\CWebApplication.php(141): CWebApplication->runController('juego/create')
#25 C:\xampp\htdocs\yii\framework\base\CApplication.php(185): CWebApplication->processRequest()
#26 C:\xampp\htdocs\totalgames\index.php(13): CApplication->run()
#27 {main}
REQUEST_URI=/totalgames/index.php?r=juego/create
HTTP_REFERER=http://localhost:8080/totalgames/index.php?r=juego/admin
---
